2023-01-15 10:39:09.686 TRACE_ID INFO  http-bio-8888-exec-1 LoginServlet init
2023-01-15 10:41:44.632 TRACE_ID INFO  http-bio-8888-exec-1 LoginServlet userName=null
2023-01-15 10:41:44.644 TRACE_ID INFO  http-bio-8888-exec-1 LoginServlet password=null
2023-01-15 10:42:34.770 TRACE_ID INFO  http-bio-8888-exec-3 LoginServlet userName=admin
2023-01-15 10:42:35.588 TRACE_ID INFO  http-bio-8888-exec-3 LoginServlet password=111111
2023-01-15 10:43:18.262 TRACE_ID INFO  http-bio-8888-exec-5 LoginServlet userName=admin
2023-01-15 10:43:18.579 TRACE_ID INFO  http-bio-8888-exec-5 LoginServlet password=96E79218965EB72C92A549DD5A330112
2023-01-15 10:43:43.885 TRACE_ID INFO  http-bio-8888-exec-7 LoginServlet userName=admin
2023-01-15 10:43:44.199 TRACE_ID INFO  http-bio-8888-exec-7 LoginServlet password=96E79218965EB72C92A549DD5A330112
2023-01-15 10:50:13.361 TRACE_ID INFO  http-bio-8888-exec-1 LoginServlet init
2023-01-15 10:50:18.500 TRACE_ID INFO  http-bio-8888-exec-1 LoginServlet userName=admin
2023-01-15 10:50:19.322 TRACE_ID INFO  http-bio-8888-exec-1 LoginServlet password=96E79218965EB72C92A549DD5A330112
2023-01-15 10:54:37.947 TRACE_ID INFO  http-bio-8888-exec-1 LoginServlet init
2023-01-15 10:54:40.901 TRACE_ID INFO  http-bio-8888-exec-1 LoginServlet userName=admin
2023-01-15 10:54:41.215 TRACE_ID INFO  http-bio-8888-exec-1 LoginServlet password=96E79218965EB72C92A549DD5A330112
2023-01-15 17:18:23.821 TRACE_ID INFO  http-bio-8888-exec-4 LoginServlet init
2023-01-15 17:18:23.827 TRACE_ID INFO  http-bio-8888-exec-4 LoginServlet userName=222
2023-01-15 17:18:23.829 TRACE_ID INFO  http-bio-8888-exec-4 LoginServlet password=222
2023-01-15 17:19:02.288 TRACE_ID INFO  http-bio-8888-exec-5 LoginServlet userName=admin
2023-01-15 17:19:02.300 TRACE_ID INFO  http-bio-8888-exec-5 LoginServlet password=111111
2023-01-15 17:19:24.825 TRACE_ID INFO  http-bio-8888-exec-6 LoginServlet userName=admin
2023-01-15 17:19:24.837 TRACE_ID INFO  http-bio-8888-exec-6 LoginServlet password=96E79218965EB72C92A549DD5A330112
